18 03 2022 - 23:21:21.429 [main] INFO  io.javalin.Javalin - 
       __                      __ _            __ __
      / /____ _ _   __ ____ _ / /(_)____      / // /
 __  / // __ `/| | / // __ `// // // __ \    / // /_
/ /_/ // /_/ / | |/ // /_/ // // // / / /   /__  __/
\____/ \__,_/  |___/ \__,_//_//_//_/ /_/      /_/

          https://javalin.io/documentation

18 03 2022 - 23:21:21.440 [main] INFO  org.eclipse.jetty.util.log - Logging initialized @434ms to org.eclipse.jetty.util.log.Slf4jLog
18 03 2022 - 23:21:21.441 [main] INFO  io.javalin.Javalin - Starting Javalin ...
18 03 2022 - 23:21:21.464 [main] INFO  io.javalin.Javalin - You are running Javalin 4.3.0 (released January 13, 2022).
18 03 2022 - 23:21:21.728 [main] INFO  io.javalin.Javalin - Listening on http://localhost:8080/
18 03 2022 - 23:21:21.728 [main] INFO  io.javalin.Javalin - Javalin started in 287ms \o/
19 03 2022 - 13:44:11.150 [main] INFO  io.javalin.Javalin - 
       __                      __ _            __ __
      / /____ _ _   __ ____ _ / /(_)____      / // /
 __  / // __ `/| | / // __ `// // // __ \    / // /_
/ /_/ // /_/ / | |/ // /_/ // // // / / /   /__  __/
\____/ \__,_/  |___/ \__,_//_//_//_/ /_/      /_/

          https://javalin.io/documentation

19 03 2022 - 13:44:11.161 [main] INFO  org.eclipse.jetty.util.log - Logging initialized @516ms to org.eclipse.jetty.util.log.Slf4jLog
19 03 2022 - 13:44:11.163 [main] INFO  io.javalin.Javalin - Starting Javalin ...
19 03 2022 - 13:44:11.189 [main] INFO  io.javalin.Javalin - You are running Javalin 4.3.0 (released January 13, 2022).
19 03 2022 - 13:44:11.455 [main] INFO  io.javalin.Javalin - Listening on http://localhost:8080/
19 03 2022 - 13:44:11.456 [main] INFO  io.javalin.Javalin - Javalin started in 294ms \o/
19 03 2022 - 13:44:50.446 [JettyServerThreadPool-14] WARN  io.javalin.Javalin - Uncaught exception
java.lang.NullPointerException: null
	at com.revature.controller.AssignmentController.lambda$new$0(AssignmentController.java:35)
	at io.javalin.core.security.SecurityUtil.noopAccessManager(SecurityUtil.kt:20)
	at io.javalin.http.JavalinServlet.addHandler$lambda-5(JavalinServlet.kt:115)
	at io.javalin.http.JavalinServlet$service$tryBeforeAndEndpointHandlers$1.invoke(JavalinServlet.kt:44)
	at io.javalin.http.JavalinServlet$service$tryBeforeAndEndpointHandlers$1.invoke(JavalinServlet.kt:39)
	at io.javalin.http.JavalinServlet.service$tryWithExceptionMapper(JavalinServlet.kt:131)
	at io.javalin.http.JavalinServlet.service$tryBeforeAndEndpointHandlers(JavalinServlet.kt:39)
	at io.javalin.http.JavalinServlet.service(JavalinServlet.kt:87)
	at javax.servlet.http.HttpServlet.service(HttpServlet.java:790)
	at io.javalin.jetty.JavalinJettyServlet.service(JavalinJettyServlet.kt:58)
	at javax.servlet.http.HttpServlet.service(HttpServlet.java:790)
	at org.eclipse.jetty.servlet.ServletHolder.handle(ServletHolder.java:799)
	at org.eclipse.jetty.servlet.ServletHandler.doHandle(ServletHandler.java:550)
	at org.eclipse.jetty.server.handler.ScopedHandler.nextHandle(ScopedHandler.java:233)
	at org.eclipse.jetty.server.session.SessionHandler.doHandle(SessionHandler.java:1624)
	at org.eclipse.jetty.server.handler.ScopedHandler.nextHandle(ScopedHandler.java:233)
	at io.javalin.jetty.JettyServer$start$wsAndHttpHandler$1.doHandle(JettyServer.kt:52)
	at org.eclipse.jetty.server.handler.ScopedHandler.nextScope(ScopedHandler.java:188)
	at org.eclipse.jetty.servlet.ServletHandler.doScope(ServletHandler.java:501)
	at org.eclipse.jetty.server.session.SessionHandler.doScope(SessionHandler.java:1594)
	at org.eclipse.jetty.server.handler.ScopedHandler.nextScope(ScopedHandler.java:186)
	at org.eclipse.jetty.server.handler.ContextHandler.doScope(ContextHandler.java:1349)
	at org.eclipse.jetty.server.handler.ScopedHandler.handle(ScopedHandler.java:141)
	at org.eclipse.jetty.server.handler.StatisticsHandler.handle(StatisticsHandler.java:179)
	at org.eclipse.jetty.server.handler.HandlerWrapper.handle(HandlerWrapper.java:127)
	at org.eclipse.jetty.server.Server.handle(Server.java:516)
	at org.eclipse.jetty.server.HttpChannel.lambda$handle$1(HttpChannel.java:400)
	at org.eclipse.jetty.server.HttpChannel.dispatch(HttpChannel.java:645)
	at org.eclipse.jetty.server.HttpChannel.handle(HttpChannel.java:392)
	at org.eclipse.jetty.server.HttpConnection.onFillable(HttpConnection.java:277)
	at org.eclipse.jetty.io.AbstractConnection$ReadCallback.succeeded(AbstractConnection.java:311)
	at org.eclipse.jetty.io.FillInterest.fillable(FillInterest.java:105)
	at org.eclipse.jetty.io.ChannelEndPoint$1.run(ChannelEndPoint.java:104)
	at org.eclipse.jetty.util.thread.QueuedThreadPool.runJob(QueuedThreadPool.java:883)
	at org.eclipse.jetty.util.thread.QueuedThreadPool$Runner.run(QueuedThreadPool.java:1034)
	at java.lang.Thread.run(Thread.java:750)
19 03 2022 - 14:01:26.185 [main] INFO  io.javalin.Javalin - 
       __                      __ _            __ __
      / /____ _ _   __ ____ _ / /(_)____      / // /
 __  / // __ `/| | / // __ `// // // __ \    / // /_
/ /_/ // /_/ / | |/ // /_/ // // // / / /   /__  __/
\____/ \__,_/  |___/ \__,_//_//_//_/ /_/      /_/

          https://javalin.io/documentation

19 03 2022 - 14:01:26.196 [main] INFO  org.eclipse.jetty.util.log - Logging initialized @530ms to org.eclipse.jetty.util.log.Slf4jLog
19 03 2022 - 14:01:26.197 [main] INFO  io.javalin.Javalin - Starting Javalin ...
19 03 2022 - 14:01:26.215 [main] INFO  io.javalin.Javalin - You are running Javalin 4.3.0 (released January 13, 2022).
19 03 2022 - 14:01:26.465 [main] INFO  io.javalin.Javalin - Listening on http://localhost:8080/
19 03 2022 - 14:01:26.465 [main] INFO  io.javalin.Javalin - Javalin started in 269ms \o/
19 03 2022 - 14:05:39.638 [JettyServerThreadPool-13] WARN  io.javalin.Javalin - Uncaught exception
java.lang.NullPointerException: null
	at com.revature.controller.AssignmentController.lambda$new$0(AssignmentController.java:35)
	at io.javalin.core.security.SecurityUtil.noopAccessManager(SecurityUtil.kt:20)
	at io.javalin.http.JavalinServlet.addHandler$lambda-5(JavalinServlet.kt:115)
	at io.javalin.http.JavalinServlet$service$tryBeforeAndEndpointHandlers$1.invoke(JavalinServlet.kt:44)
	at io.javalin.http.JavalinServlet$service$tryBeforeAndEndpointHandlers$1.invoke(JavalinServlet.kt:39)
	at io.javalin.http.JavalinServlet.service$tryWithExceptionMapper(JavalinServlet.kt:131)
	at io.javalin.http.JavalinServlet.service$tryBeforeAndEndpointHandlers(JavalinServlet.kt:39)
	at io.javalin.http.JavalinServlet.service(JavalinServlet.kt:87)
	at javax.servlet.http.HttpServlet.service(HttpServlet.java:790)
	at io.javalin.jetty.JavalinJettyServlet.service(JavalinJettyServlet.kt:58)
	at javax.servlet.http.HttpServlet.service(HttpServlet.java:790)
	at org.eclipse.jetty.servlet.ServletHolder.handle(ServletHolder.java:799)
	at org.eclipse.jetty.servlet.ServletHandler.doHandle(ServletHandler.java:550)
	at org.eclipse.jetty.server.handler.ScopedHandler.nextHandle(ScopedHandler.java:233)
	at org.eclipse.jetty.server.session.SessionHandler.doHandle(SessionHandler.java:1624)
	at org.eclipse.jetty.server.handler.ScopedHandler.nextHandle(ScopedHandler.java:233)
	at io.javalin.jetty.JettyServer$start$wsAndHttpHandler$1.doHandle(JettyServer.kt:52)
	at org.eclipse.jetty.server.handler.ScopedHandler.nextScope(ScopedHandler.java:188)
	at org.eclipse.jetty.servlet.ServletHandler.doScope(ServletHandler.java:501)
	at org.eclipse.jetty.server.session.SessionHandler.doScope(SessionHandler.java:1594)
	at org.eclipse.jetty.server.handler.ScopedHandler.nextScope(ScopedHandler.java:186)
	at org.eclipse.jetty.server.handler.ContextHandler.doScope(ContextHandler.java:1349)
	at org.eclipse.jetty.server.handler.ScopedHandler.handle(ScopedHandler.java:141)
	at org.eclipse.jetty.server.handler.StatisticsHandler.handle(StatisticsHandler.java:179)
	at org.eclipse.jetty.server.handler.HandlerWrapper.handle(HandlerWrapper.java:127)
	at org.eclipse.jetty.server.Server.handle(Server.java:516)
	at org.eclipse.jetty.server.HttpChannel.lambda$handle$1(HttpChannel.java:400)
	at org.eclipse.jetty.server.HttpChannel.dispatch(HttpChannel.java:645)
	at org.eclipse.jetty.server.HttpChannel.handle(HttpChannel.java:392)
	at org.eclipse.jetty.server.HttpConnection.onFillable(HttpConnection.java:277)
	at org.eclipse.jetty.io.AbstractConnection$ReadCallback.succeeded(AbstractConnection.java:311)
	at org.eclipse.jetty.io.FillInterest.fillable(FillInterest.java:105)
	at org.eclipse.jetty.io.ChannelEndPoint$1.run(ChannelEndPoint.java:104)
	at org.eclipse.jetty.util.thread.strategy.EatWhatYouKill.runTask(EatWhatYouKill.java:338)
	at org.eclipse.jetty.util.thread.strategy.EatWhatYouKill.doProduce(EatWhatYouKill.java:315)
	at org.eclipse.jetty.util.thread.strategy.EatWhatYouKill.tryProduce(EatWhatYouKill.java:173)
	at org.eclipse.jetty.util.thread.strategy.EatWhatYouKill.produce(EatWhatYouKill.java:137)
	at org.eclipse.jetty.util.thread.QueuedThreadPool.runJob(QueuedThreadPool.java:883)
	at org.eclipse.jetty.util.thread.QueuedThreadPool$Runner.run(QueuedThreadPool.java:1034)
	at java.lang.Thread.run(Thread.java:750)
19 03 2022 - 14:16:54.806 [JettyServerThreadPool-23] WARN  io.javalin.Javalin - Uncaught exception
com.fasterxml.jackson.databind.exc.MismatchedInputException: No content to map due to end-of-input
 at [Source: (String)""; line: 1, column: 0]
	at com.fasterxml.jackson.databind.exc.MismatchedInputException.from(MismatchedInputException.java:59)
	at com.fasterxml.jackson.databind.ObjectMapper._initForReading(ObjectMapper.java:4688)
	at com.fasterxml.jackson.databind.ObjectMapper._readMapAndClose(ObjectMapper.java:4586)
	at com.fasterxml.jackson.databind.ObjectMapper.readValue(ObjectMapper.java:3548)
	at com.fasterxml.jackson.databind.ObjectMapper.readValue(ObjectMapper.java:3516)
	at io.javalin.plugin.json.JavalinJackson.fromJsonString(JavalinJackson.kt:37)
	at io.javalin.http.Context.bodyAsClass(Context.kt:114)
	at com.revature.controller.AuthenticationController.lambda$new$0(AuthenticationController.java:26)
	at io.javalin.core.security.SecurityUtil.noopAccessManager(SecurityUtil.kt:20)
	at io.javalin.http.JavalinServlet.addHandler$lambda-5(JavalinServlet.kt:115)
	at io.javalin.http.JavalinServlet$service$tryBeforeAndEndpointHandlers$1.invoke(JavalinServlet.kt:44)
	at io.javalin.http.JavalinServlet$service$tryBeforeAndEndpointHandlers$1.invoke(JavalinServlet.kt:39)
	at io.javalin.http.JavalinServlet.service$tryWithExceptionMapper(JavalinServlet.kt:131)
	at io.javalin.http.JavalinServlet.service$tryBeforeAndEndpointHandlers(JavalinServlet.kt:39)
	at io.javalin.http.JavalinServlet.service(JavalinServlet.kt:87)
	at javax.servlet.http.HttpServlet.service(HttpServlet.java:790)
	at io.javalin.jetty.JavalinJettyServlet.service(JavalinJettyServlet.kt:58)
	at javax.servlet.http.HttpServlet.service(HttpServlet.java:790)
	at org.eclipse.jetty.servlet.ServletHolder.handle(ServletHolder.java:799)
	at org.eclipse.jetty.servlet.ServletHandler.doHandle(ServletHandler.java:550)
	at org.eclipse.jetty.server.handler.ScopedHandler.nextHandle(ScopedHandler.java:233)
	at org.eclipse.jetty.server.session.SessionHandler.doHandle(SessionHandler.java:1624)
	at org.eclipse.jetty.server.handler.ScopedHandler.nextHandle(ScopedHandler.java:233)
	at io.javalin.jetty.JettyServer$start$wsAndHttpHandler$1.doHandle(JettyServer.kt:52)
	at org.eclipse.jetty.server.handler.ScopedHandler.nextScope(ScopedHandler.java:188)
	at org.eclipse.jetty.servlet.ServletHandler.doScope(ServletHandler.java:501)
	at org.eclipse.jetty.server.session.SessionHandler.doScope(SessionHandler.java:1594)
	at org.eclipse.jetty.server.handler.ScopedHandler.nextScope(ScopedHandler.java:186)
	at org.eclipse.jetty.server.handler.ContextHandler.doScope(ContextHandler.java:1349)
	at org.eclipse.jetty.server.handler.ScopedHandler.handle(ScopedHandler.java:141)
	at org.eclipse.jetty.server.handler.StatisticsHandler.handle(StatisticsHandler.java:179)
	at org.eclipse.jetty.server.handler.HandlerWrapper.handle(HandlerWrapper.java:127)
	at org.eclipse.jetty.server.Server.handle(Server.java:516)
	at org.eclipse.jetty.server.HttpChannel.lambda$handle$1(HttpChannel.java:400)
	at org.eclipse.jetty.server.HttpChannel.dispatch(HttpChannel.java:645)
	at org.eclipse.jetty.server.HttpChannel.handle(HttpChannel.java:392)
	at org.eclipse.jetty.server.HttpConnection.onFillable(HttpConnection.java:277)
	at org.eclipse.jetty.io.AbstractConnection$ReadCallback.succeeded(AbstractConnection.java:311)
	at org.eclipse.jetty.io.FillInterest.fillable(FillInterest.java:105)
	at org.eclipse.jetty.io.ChannelEndPoint$1.run(ChannelEndPoint.java:104)
	at org.eclipse.jetty.util.thread.strategy.EatWhatYouKill.runTask(EatWhatYouKill.java:338)
	at org.eclipse.jetty.util.thread.strategy.EatWhatYouKill.doProduce(EatWhatYouKill.java:315)
	at org.eclipse.jetty.util.thread.strategy.EatWhatYouKill.tryProduce(EatWhatYouKill.java:173)
	at org.eclipse.jetty.util.thread.strategy.EatWhatYouKill.run(EatWhatYouKill.java:131)
	at org.eclipse.jetty.util.thread.ReservedThreadExecutor$ReservedThread.run(ReservedThreadExecutor.java:409)
	at org.eclipse.jetty.util.thread.QueuedThreadPool.runJob(QueuedThreadPool.java:883)
	at org.eclipse.jetty.util.thread.QueuedThreadPool$Runner.run(QueuedThreadPool.java:1034)
	at java.lang.Thread.run(Thread.java:750)
19 03 2022 - 14:16:58.854 [JettyServerThreadPool-12] WARN  io.javalin.Javalin - Uncaught exception
com.fasterxml.jackson.databind.exc.MismatchedInputException: No content to map due to end-of-input
 at [Source: (String)""; line: 1, column: 0]
	at com.fasterxml.jackson.databind.exc.MismatchedInputException.from(MismatchedInputException.java:59)
	at com.fasterxml.jackson.databind.ObjectMapper._initForReading(ObjectMapper.java:4688)
	at com.fasterxml.jackson.databind.ObjectMapper._readMapAndClose(ObjectMapper.java:4586)
	at com.fasterxml.jackson.databind.ObjectMapper.readValue(ObjectMapper.java:3548)
	at com.fasterxml.jackson.databind.ObjectMapper.readValue(ObjectMapper.java:3516)
	at io.javalin.plugin.json.JavalinJackson.fromJsonString(JavalinJackson.kt:37)
	at io.javalin.http.Context.bodyAsClass(Context.kt:114)
	at com.revature.controller.AuthenticationController.lambda$new$0(AuthenticationController.java:26)
	at io.javalin.core.security.SecurityUtil.noopAccessManager(SecurityUtil.kt:20)
	at io.javalin.http.JavalinServlet.addHandler$lambda-5(JavalinServlet.kt:115)
	at io.javalin.http.JavalinServlet$service$tryBeforeAndEndpointHandlers$1.invoke(JavalinServlet.kt:44)
	at io.javalin.http.JavalinServlet$service$tryBeforeAndEndpointHandlers$1.invoke(JavalinServlet.kt:39)
	at io.javalin.http.JavalinServlet.service$tryWithExceptionMapper(JavalinServlet.kt:131)
	at io.javalin.http.JavalinServlet.service$tryBeforeAndEndpointHandlers(JavalinServlet.kt:39)
	at io.javalin.http.JavalinServlet.service(JavalinServlet.kt:87)
	at javax.servlet.http.HttpServlet.service(HttpServlet.java:790)
	at io.javalin.jetty.JavalinJettyServlet.service(JavalinJettyServlet.kt:58)
	at javax.servlet.http.HttpServlet.service(HttpServlet.java:790)
	at org.eclipse.jetty.servlet.ServletHolder.handle(ServletHolder.java:799)
	at org.eclipse.jetty.servlet.ServletHandler.doHandle(ServletHandler.java:550)
	at org.eclipse.jetty.server.handler.ScopedHandler.nextHandle(ScopedHandler.java:233)
	at org.eclipse.jetty.server.session.SessionHandler.doHandle(SessionHandler.java:1624)
	at org.eclipse.jetty.server.handler.ScopedHandler.nextHandle(ScopedHandler.java:233)
	at io.javalin.jetty.JettyServer$start$wsAndHttpHandler$1.doHandle(JettyServer.kt:52)
	at org.eclipse.jetty.server.handler.ScopedHandler.nextScope(ScopedHandler.java:188)
	at org.eclipse.jetty.servlet.ServletHandler.doScope(ServletHandler.java:501)
	at org.eclipse.jetty.server.session.SessionHandler.doScope(SessionHandler.java:1594)
	at org.eclipse.jetty.server.handler.ScopedHandler.nextScope(ScopedHandler.java:186)
	at org.eclipse.jetty.server.handler.ContextHandler.doScope(ContextHandler.java:1349)
	at org.eclipse.jetty.server.handler.ScopedHandler.handle(ScopedHandler.java:141)
	at org.eclipse.jetty.server.handler.StatisticsHandler.handle(StatisticsHandler.java:179)
	at org.eclipse.jetty.server.handler.HandlerWrapper.handle(HandlerWrapper.java:127)
	at org.eclipse.jetty.server.Server.handle(Server.java:516)
	at org.eclipse.jetty.server.HttpChannel.lambda$handle$1(HttpChannel.java:400)
	at org.eclipse.jetty.server.HttpChannel.dispatch(HttpChannel.java:645)
	at org.eclipse.jetty.server.HttpChannel.handle(HttpChannel.java:392)
	at org.eclipse.jetty.server.HttpConnection.onFillable(HttpConnection.java:277)
	at org.eclipse.jetty.io.AbstractConnection$ReadCallback.succeeded(AbstractConnection.java:311)
	at org.eclipse.jetty.io.FillInterest.fillable(FillInterest.java:105)
	at org.eclipse.jetty.io.ChannelEndPoint$1.run(ChannelEndPoint.java:104)
	at org.eclipse.jetty.util.thread.strategy.EatWhatYouKill.runTask(EatWhatYouKill.java:338)
	at org.eclipse.jetty.util.thread.strategy.EatWhatYouKill.doProduce(EatWhatYouKill.java:315)
	at org.eclipse.jetty.util.thread.strategy.EatWhatYouKill.tryProduce(EatWhatYouKill.java:173)
	at org.eclipse.jetty.util.thread.strategy.EatWhatYouKill.run(EatWhatYouKill.java:131)
	at org.eclipse.jetty.util.thread.ReservedThreadExecutor$ReservedThread.run(ReservedThreadExecutor.java:409)
	at org.eclipse.jetty.util.thread.QueuedThreadPool.runJob(QueuedThreadPool.java:883)
	at org.eclipse.jetty.util.thread.QueuedThreadPool$Runner.run(QueuedThreadPool.java:1034)
	at java.lang.Thread.run(Thread.java:750)
19 03 2022 - 14:23:40.062 [main] INFO  io.javalin.Javalin - 
       __                      __ _            __ __
      / /____ _ _   __ ____ _ / /(_)____      / // /
 __  / // __ `/| | / // __ `// // // __ \    / // /_
/ /_/ // /_/ / | |/ // /_/ // // // / / /   /__  __/
\____/ \__,_/  |___/ \__,_//_//_//_/ /_/      /_/

          https://javalin.io/documentation

19 03 2022 - 14:23:40.072 [main] INFO  org.eclipse.jetty.util.log - Logging initialized @447ms to org.eclipse.jetty.util.log.Slf4jLog
19 03 2022 - 14:23:40.073 [main] INFO  io.javalin.Javalin - Starting Javalin ...
19 03 2022 - 14:23:40.089 [main] INFO  io.javalin.Javalin - You are running Javalin 4.3.0 (released January 13, 2022).
19 03 2022 - 14:23:40.327 [main] INFO  io.javalin.Javalin - Listening on http://localhost:8080/
19 03 2022 - 14:23:40.327 [main] INFO  io.javalin.Javalin - Javalin started in 254ms \o/
19 03 2022 - 14:24:33.477 [main] INFO  io.javalin.Javalin - 
       __                      __ _            __ __
      / /____ _ _   __ ____ _ / /(_)____      / // /
 __  / // __ `/| | / // __ `// // // __ \    / // /_
/ /_/ // /_/ / | |/ // /_/ // // // / / /   /__  __/
\____/ \__,_/  |___/ \__,_//_//_//_/ /_/      /_/

          https://javalin.io/documentation

19 03 2022 - 14:24:33.487 [main] INFO  org.eclipse.jetty.util.log - Logging initialized @496ms to org.eclipse.jetty.util.log.Slf4jLog
19 03 2022 - 14:24:33.489 [main] INFO  io.javalin.Javalin - Starting Javalin ...
19 03 2022 - 14:24:33.507 [main] INFO  io.javalin.Javalin - You are running Javalin 4.3.0 (released January 13, 2022).
19 03 2022 - 14:24:33.753 [main] INFO  io.javalin.Javalin - Listening on http://localhost:8080/
19 03 2022 - 14:24:33.753 [main] INFO  io.javalin.Javalin - Javalin started in 265ms \o/
19 03 2022 - 14:25:48.989 [JettyServerThreadPool-13] WARN  io.javalin.Javalin - Uncaught exception
java.lang.ArrayIndexOutOfBoundsException: 1
	at com.revature.controller.AssignmentController.lambda$new$0(AssignmentController.java:35)
	at io.javalin.core.security.SecurityUtil.noopAccessManager(SecurityUtil.kt:20)
	at io.javalin.http.JavalinServlet.addHandler$lambda-5(JavalinServlet.kt:115)
	at io.javalin.http.JavalinServlet$service$tryBeforeAndEndpointHandlers$1.invoke(JavalinServlet.kt:44)
	at io.javalin.http.JavalinServlet$service$tryBeforeAndEndpointHandlers$1.invoke(JavalinServlet.kt:39)
	at io.javalin.http.JavalinServlet.service$tryWithExceptionMapper(JavalinServlet.kt:131)
	at io.javalin.http.JavalinServlet.service$tryBeforeAndEndpointHandlers(JavalinServlet.kt:39)
	at io.javalin.http.JavalinServlet.service(JavalinServlet.kt:87)
	at javax.servlet.http.HttpServlet.service(HttpServlet.java:790)
	at io.javalin.jetty.JavalinJettyServlet.service(JavalinJettyServlet.kt:58)
	at javax.servlet.http.HttpServlet.service(HttpServlet.java:790)
	at org.eclipse.jetty.servlet.ServletHolder.handle(ServletHolder.java:799)
	at org.eclipse.jetty.servlet.ServletHandler.doHandle(ServletHandler.java:550)
	at org.eclipse.jetty.server.handler.ScopedHandler.nextHandle(ScopedHandler.java:233)
	at org.eclipse.jetty.server.session.SessionHandler.doHandle(SessionHandler.java:1624)
	at org.eclipse.jetty.server.handler.ScopedHandler.nextHandle(ScopedHandler.java:233)
	at io.javalin.jetty.JettyServer$start$wsAndHttpHandler$1.doHandle(JettyServer.kt:52)
	at org.eclipse.jetty.server.handler.ScopedHandler.nextScope(ScopedHandler.java:188)
	at org.eclipse.jetty.servlet.ServletHandler.doScope(ServletHandler.java:501)
	at org.eclipse.jetty.server.session.SessionHandler.doScope(SessionHandler.java:1594)
	at org.eclipse.jetty.server.handler.ScopedHandler.nextScope(ScopedHandler.java:186)
	at org.eclipse.jetty.server.handler.ContextHandler.doScope(ContextHandler.java:1349)
	at org.eclipse.jetty.server.handler.ScopedHandler.handle(ScopedHandler.java:141)
	at org.eclipse.jetty.server.handler.StatisticsHandler.handle(StatisticsHandler.java:179)
	at org.eclipse.jetty.server.handler.HandlerWrapper.handle(HandlerWrapper.java:127)
	at org.eclipse.jetty.server.Server.handle(Server.java:516)
	at org.eclipse.jetty.server.HttpChannel.lambda$handle$1(HttpChannel.java:400)
	at org.eclipse.jetty.server.HttpChannel.dispatch(HttpChannel.java:645)
	at org.eclipse.jetty.server.HttpChannel.handle(HttpChannel.java:392)
	at org.eclipse.jetty.server.HttpConnection.onFillable(HttpConnection.java:277)
	at org.eclipse.jetty.io.AbstractConnection$ReadCallback.succeeded(AbstractConnection.java:311)
	at org.eclipse.jetty.io.FillInterest.fillable(FillInterest.java:105)
	at org.eclipse.jetty.io.ChannelEndPoint$1.run(ChannelEndPoint.java:104)
	at org.eclipse.jetty.util.thread.strategy.EatWhatYouKill.runTask(EatWhatYouKill.java:338)
	at org.eclipse.jetty.util.thread.strategy.EatWhatYouKill.doProduce(EatWhatYouKill.java:315)
	at org.eclipse.jetty.util.thread.strategy.EatWhatYouKill.tryProduce(EatWhatYouKill.java:173)
	at org.eclipse.jetty.util.thread.strategy.EatWhatYouKill.produce(EatWhatYouKill.java:137)
	at org.eclipse.jetty.util.thread.QueuedThreadPool.runJob(QueuedThreadPool.java:883)
	at org.eclipse.jetty.util.thread.QueuedThreadPool$Runner.run(QueuedThreadPool.java:1034)
	at java.lang.Thread.run(Thread.java:750)
19 03 2022 - 14:34:44.746 [main] INFO  io.javalin.Javalin - 
       __                      __ _            __ __
      / /____ _ _   __ ____ _ / /(_)____      / // /
 __  / // __ `/| | / // __ `// // // __ \    / // /_
/ /_/ // /_/ / | |/ // /_/ // // // / / /   /__  __/
\____/ \__,_/  |___/ \__,_//_//_//_/ /_/      /_/

          https://javalin.io/documentation

19 03 2022 - 14:34:44.757 [main] INFO  org.eclipse.jetty.util.log - Logging initialized @387ms to org.eclipse.jetty.util.log.Slf4jLog
19 03 2022 - 14:34:44.758 [main] INFO  io.javalin.Javalin - Starting Javalin ...
19 03 2022 - 14:34:44.774 [main] INFO  io.javalin.Javalin - You are running Javalin 4.3.0 (released January 13, 2022).
19 03 2022 - 14:34:45.051 [main] INFO  io.javalin.Javalin - Listening on http://localhost:8080/
19 03 2022 - 14:34:45.051 [main] INFO  io.javalin.Javalin - Javalin started in 294ms \o/
19 03 2022 - 14:35:21.594 [JettyServerThreadPool-13] WARN  io.javalin.Javalin - Uncaught exception
java.lang.ArrayIndexOutOfBoundsException: 1
	at com.revature.controller.AssignmentController.lambda$new$0(AssignmentController.java:35)
	at io.javalin.core.security.SecurityUtil.noopAccessManager(SecurityUtil.kt:20)
	at io.javalin.http.JavalinServlet.addHandler$lambda-5(JavalinServlet.kt:115)
	at io.javalin.http.JavalinServlet$service$tryBeforeAndEndpointHandlers$1.invoke(JavalinServlet.kt:44)
	at io.javalin.http.JavalinServlet$service$tryBeforeAndEndpointHandlers$1.invoke(JavalinServlet.kt:39)
	at io.javalin.http.JavalinServlet.service$tryWithExceptionMapper(JavalinServlet.kt:131)
	at io.javalin.http.JavalinServlet.service$tryBeforeAndEndpointHandlers(JavalinServlet.kt:39)
	at io.javalin.http.JavalinServlet.service(JavalinServlet.kt:87)
	at javax.servlet.http.HttpServlet.service(HttpServlet.java:790)
	at io.javalin.jetty.JavalinJettyServlet.service(JavalinJettyServlet.kt:58)
	at javax.servlet.http.HttpServlet.service(HttpServlet.java:790)
	at org.eclipse.jetty.servlet.ServletHolder.handle(ServletHolder.java:799)
	at org.eclipse.jetty.servlet.ServletHandler.doHandle(ServletHandler.java:550)
	at org.eclipse.jetty.server.handler.ScopedHandler.nextHandle(ScopedHandler.java:233)
	at org.eclipse.jetty.server.session.SessionHandler.doHandle(SessionHandler.java:1624)
	at org.eclipse.jetty.server.handler.ScopedHandler.nextHandle(ScopedHandler.java:233)
	at io.javalin.jetty.JettyServer$start$wsAndHttpHandler$1.doHandle(JettyServer.kt:52)
	at org.eclipse.jetty.server.handler.ScopedHandler.nextScope(ScopedHandler.java:188)
	at org.eclipse.jetty.servlet.ServletHandler.doScope(ServletHandler.java:501)
	at org.eclipse.jetty.server.session.SessionHandler.doScope(SessionHandler.java:1594)
	at org.eclipse.jetty.server.handler.ScopedHandler.nextScope(ScopedHandler.java:186)
	at org.eclipse.jetty.server.handler.ContextHandler.doScope(ContextHandler.java:1349)
	at org.eclipse.jetty.server.handler.ScopedHandler.handle(ScopedHandler.java:141)
	at org.eclipse.jetty.server.handler.StatisticsHandler.handle(StatisticsHandler.java:179)
	at org.eclipse.jetty.server.handler.HandlerWrapper.handle(HandlerWrapper.java:127)
	at org.eclipse.jetty.server.Server.handle(Server.java:516)
	at org.eclipse.jetty.server.HttpChannel.lambda$handle$1(HttpChannel.java:400)
	at org.eclipse.jetty.server.HttpChannel.dispatch(HttpChannel.java:645)
	at org.eclipse.jetty.server.HttpChannel.handle(HttpChannel.java:392)
	at org.eclipse.jetty.server.HttpConnection.onFillable(HttpConnection.java:277)
	at org.eclipse.jetty.io.AbstractConnection$ReadCallback.succeeded(AbstractConnection.java:311)
	at org.eclipse.jetty.io.FillInterest.fillable(FillInterest.java:105)
	at org.eclipse.jetty.io.ChannelEndPoint$1.run(ChannelEndPoint.java:104)
	at org.eclipse.jetty.util.thread.strategy.EatWhatYouKill.runTask(EatWhatYouKill.java:338)
	at org.eclipse.jetty.util.thread.strategy.EatWhatYouKill.doProduce(EatWhatYouKill.java:315)
	at org.eclipse.jetty.util.thread.strategy.EatWhatYouKill.tryProduce(EatWhatYouKill.java:173)
	at org.eclipse.jetty.util.thread.strategy.EatWhatYouKill.produce(EatWhatYouKill.java:137)
	at org.eclipse.jetty.util.thread.QueuedThreadPool.runJob(QueuedThreadPool.java:883)
	at org.eclipse.jetty.util.thread.QueuedThreadPool$Runner.run(QueuedThreadPool.java:1034)
	at java.lang.Thread.run(Thread.java:750)
19 03 2022 - 14:35:56.347 [JettyServerThreadPool-14] WARN  io.javalin.Javalin - Uncaught exception
java.lang.ArrayIndexOutOfBoundsException: 1
	at com.revature.controller.AssignmentController.lambda$new$0(AssignmentController.java:35)
	at io.javalin.core.security.SecurityUtil.noopAccessManager(SecurityUtil.kt:20)
	at io.javalin.http.JavalinServlet.addHandler$lambda-5(JavalinServlet.kt:115)
	at io.javalin.http.JavalinServlet$service$tryBeforeAndEndpointHandlers$1.invoke(JavalinServlet.kt:44)
	at io.javalin.http.JavalinServlet$service$tryBeforeAndEndpointHandlers$1.invoke(JavalinServlet.kt:39)
	at io.javalin.http.JavalinServlet.service$tryWithExceptionMapper(JavalinServlet.kt:131)
	at io.javalin.http.JavalinServlet.service$tryBeforeAndEndpointHandlers(JavalinServlet.kt:39)
	at io.javalin.http.JavalinServlet.service(JavalinServlet.kt:87)
	at javax.servlet.http.HttpServlet.service(HttpServlet.java:790)
	at io.javalin.jetty.JavalinJettyServlet.service(JavalinJettyServlet.kt:58)
	at javax.servlet.http.HttpServlet.service(HttpServlet.java:790)
	at org.eclipse.jetty.servlet.ServletHolder.handle(ServletHolder.java:799)
	at org.eclipse.jetty.servlet.ServletHandler.doHandle(ServletHandler.java:550)
	at org.eclipse.jetty.server.handler.ScopedHandler.nextHandle(ScopedHandler.java:233)
	at org.eclipse.jetty.server.session.SessionHandler.doHandle(SessionHandler.java:1624)
	at org.eclipse.jetty.server.handler.ScopedHandler.nextHandle(ScopedHandler.java:233)
	at io.javalin.jetty.JettyServer$start$wsAndHttpHandler$1.doHandle(JettyServer.kt:52)
	at org.eclipse.jetty.server.handler.ScopedHandler.nextScope(ScopedHandler.java:188)
	at org.eclipse.jetty.servlet.ServletHandler.doScope(ServletHandler.java:501)
	at org.eclipse.jetty.server.session.SessionHandler.doScope(SessionHandler.java:1594)
	at org.eclipse.jetty.server.handler.ScopedHandler.nextScope(ScopedHandler.java:186)
	at org.eclipse.jetty.server.handler.ContextHandler.doScope(ContextHandler.java:1349)
	at org.eclipse.jetty.server.handler.ScopedHandler.handle(ScopedHandler.java:141)
	at org.eclipse.jetty.server.handler.StatisticsHandler.handle(StatisticsHandler.java:179)
	at org.eclipse.jetty.server.handler.HandlerWrapper.handle(HandlerWrapper.java:127)
	at org.eclipse.jetty.server.Server.handle(Server.java:516)
	at org.eclipse.jetty.server.HttpChannel.lambda$handle$1(HttpChannel.java:400)
	at org.eclipse.jetty.server.HttpChannel.dispatch(HttpChannel.java:645)
	at org.eclipse.jetty.server.HttpChannel.handle(HttpChannel.java:392)
	at org.eclipse.jetty.server.HttpConnection.onFillable(HttpConnection.java:277)
	at org.eclipse.jetty.io.AbstractConnection$ReadCallback.succeeded(AbstractConnection.java:311)
	at org.eclipse.jetty.io.FillInterest.fillable(FillInterest.java:105)
	at org.eclipse.jetty.io.ChannelEndPoint$1.run(ChannelEndPoint.java:104)
	at org.eclipse.jetty.util.thread.strategy.EatWhatYouKill.runTask(EatWhatYouKill.java:338)
	at org.eclipse.jetty.util.thread.strategy.EatWhatYouKill.doProduce(EatWhatYouKill.java:315)
	at org.eclipse.jetty.util.thread.strategy.EatWhatYouKill.tryProduce(EatWhatYouKill.java:173)
	at org.eclipse.jetty.util.thread.strategy.EatWhatYouKill.run(EatWhatYouKill.java:131)
	at org.eclipse.jetty.util.thread.ReservedThreadExecutor$ReservedThread.run(ReservedThreadExecutor.java:409)
	at org.eclipse.jetty.util.thread.QueuedThreadPool.runJob(QueuedThreadPool.java:883)
	at org.eclipse.jetty.util.thread.QueuedThreadPool$Runner.run(QueuedThreadPool.java:1034)
	at java.lang.Thread.run(Thread.java:750)
19 03 2022 - 14:37:12.107 [main] INFO  io.javalin.Javalin - 
       __                      __ _            __ __
      / /____ _ _   __ ____ _ / /(_)____      / // /
 __  / // __ `/| | / // __ `// // // __ \    / // /_
/ /_/ // /_/ / | |/ // /_/ // // // / / /   /__  __/
\____/ \__,_/  |___/ \__,_//_//_//_/ /_/      /_/

          https://javalin.io/documentation

19 03 2022 - 14:37:12.119 [main] INFO  org.eclipse.jetty.util.log - Logging initialized @413ms to org.eclipse.jetty.util.log.Slf4jLog
19 03 2022 - 14:37:12.121 [main] INFO  io.javalin.Javalin - Starting Javalin ...
19 03 2022 - 14:37:12.140 [main] INFO  io.javalin.Javalin - You are running Javalin 4.3.0 (released January 13, 2022).
19 03 2022 - 14:37:12.469 [main] INFO  io.javalin.Javalin - Listening on http://localhost:8080/
19 03 2022 - 14:37:12.469 [main] INFO  io.javalin.Javalin - Javalin started in 349ms \o/
19 03 2022 - 14:43:59.882 [main] INFO  io.javalin.Javalin - 
       __                      __ _            __ __
      / /____ _ _   __ ____ _ / /(_)____      / // /
 __  / // __ `/| | / // __ `// // // __ \    / // /_
/ /_/ // /_/ / | |/ // /_/ // // // / / /   /__  __/
\____/ \__,_/  |___/ \__,_//_//_//_/ /_/      /_/

          https://javalin.io/documentation

19 03 2022 - 14:43:59.896 [main] INFO  org.eclipse.jetty.util.log - Logging initialized @553ms to org.eclipse.jetty.util.log.Slf4jLog
19 03 2022 - 14:43:59.898 [main] INFO  io.javalin.Javalin - Starting Javalin ...
19 03 2022 - 14:43:59.919 [main] INFO  io.javalin.Javalin - You are running Javalin 4.3.0 (released January 13, 2022).
19 03 2022 - 14:44:00.192 [main] INFO  io.javalin.Javalin - Listening on http://localhost:8080/
19 03 2022 - 14:44:00.192 [main] INFO  io.javalin.Javalin - Javalin started in 295ms \o/
19 03 2022 - 14:44:38.734 [JettyServerThreadPool-14] WARN  io.javalin.Javalin - Uncaught exception
java.lang.ArrayIndexOutOfBoundsException: 1
	at com.revature.controller.AssignmentController.lambda$new$0(AssignmentController.java:35)
	at io.javalin.core.security.SecurityUtil.noopAccessManager(SecurityUtil.kt:20)
	at io.javalin.http.JavalinServlet.addHandler$lambda-5(JavalinServlet.kt:115)
	at io.javalin.http.JavalinServlet$service$tryBeforeAndEndpointHandlers$1.invoke(JavalinServlet.kt:44)
	at io.javalin.http.JavalinServlet$service$tryBeforeAndEndpointHandlers$1.invoke(JavalinServlet.kt:39)
	at io.javalin.http.JavalinServlet.service$tryWithExceptionMapper(JavalinServlet.kt:131)
	at io.javalin.http.JavalinServlet.service$tryBeforeAndEndpointHandlers(JavalinServlet.kt:39)
	at io.javalin.http.JavalinServlet.service(JavalinServlet.kt:87)
	at javax.servlet.http.HttpServlet.service(HttpServlet.java:790)
	at io.javalin.jetty.JavalinJettyServlet.service(JavalinJettyServlet.kt:58)
	at javax.servlet.http.HttpServlet.service(HttpServlet.java:790)
	at org.eclipse.jetty.servlet.ServletHolder.handle(ServletHolder.java:799)
	at org.eclipse.jetty.servlet.ServletHandler.doHandle(ServletHandler.java:550)
	at org.eclipse.jetty.server.handler.ScopedHandler.nextHandle(ScopedHandler.java:233)
	at org.eclipse.jetty.server.session.SessionHandler.doHandle(SessionHandler.java:1624)
	at org.eclipse.jetty.server.handler.ScopedHandler.nextHandle(ScopedHandler.java:233)
	at io.javalin.jetty.JettyServer$start$wsAndHttpHandler$1.doHandle(JettyServer.kt:52)
	at org.eclipse.jetty.server.handler.ScopedHandler.nextScope(ScopedHandler.java:188)
	at org.eclipse.jetty.servlet.ServletHandler.doScope(ServletHandler.java:501)
	at org.eclipse.jetty.server.session.SessionHandler.doScope(SessionHandler.java:1594)
	at org.eclipse.jetty.server.handler.ScopedHandler.nextScope(ScopedHandler.java:186)
	at org.eclipse.jetty.server.handler.ContextHandler.doScope(ContextHandler.java:1349)
	at org.eclipse.jetty.server.handler.ScopedHandler.handle(ScopedHandler.java:141)
	at org.eclipse.jetty.server.handler.StatisticsHandler.handle(StatisticsHandler.java:179)
	at org.eclipse.jetty.server.handler.HandlerWrapper.handle(HandlerWrapper.java:127)
	at org.eclipse.jetty.server.Server.handle(Server.java:516)
	at org.eclipse.jetty.server.HttpChannel.lambda$handle$1(HttpChannel.java:400)
	at org.eclipse.jetty.server.HttpChannel.dispatch(HttpChannel.java:645)
	at org.eclipse.jetty.server.HttpChannel.handle(HttpChannel.java:392)
	at org.eclipse.jetty.server.HttpConnection.onFillable(HttpConnection.java:277)
	at org.eclipse.jetty.io.AbstractConnection$ReadCallback.succeeded(AbstractConnection.java:311)
	at org.eclipse.jetty.io.FillInterest.fillable(FillInterest.java:105)
	at org.eclipse.jetty.io.ChannelEndPoint$1.run(ChannelEndPoint.java:104)
	at org.eclipse.jetty.util.thread.QueuedThreadPool.runJob(QueuedThreadPool.java:883)
	at org.eclipse.jetty.util.thread.QueuedThreadPool$Runner.run(QueuedThreadPool.java:1034)
	at java.lang.Thread.run(Thread.java:750)
19 03 2022 - 14:51:02.786 [main] INFO  io.javalin.Javalin - 
       __                      __ _            __ __
      / /____ _ _   __ ____ _ / /(_)____      / // /
 __  / // __ `/| | / // __ `// // // __ \    / // /_
/ /_/ // /_/ / | |/ // /_/ // // // / / /   /__  __/
\____/ \__,_/  |___/ \__,_//_//_//_/ /_/      /_/

          https://javalin.io/documentation

19 03 2022 - 14:51:02.799 [main] INFO  org.eclipse.jetty.util.log - Logging initialized @486ms to org.eclipse.jetty.util.log.Slf4jLog
19 03 2022 - 14:51:02.801 [main] INFO  io.javalin.Javalin - Starting Javalin ...
19 03 2022 - 14:51:02.823 [main] INFO  io.javalin.Javalin - You are running Javalin 4.3.0 (released January 13, 2022).
19 03 2022 - 14:51:03.085 [main] INFO  io.javalin.Javalin - Listening on http://localhost:8080/
19 03 2022 - 14:51:03.087 [main] INFO  io.javalin.Javalin - Javalin started in 287ms \o/
19 03 2022 - 14:52:18.699 [main] INFO  io.javalin.Javalin - 
       __                      __ _            __ __
      / /____ _ _   __ ____ _ / /(_)____      / // /
 __  / // __ `/| | / // __ `// // // __ \    / // /_
/ /_/ // /_/ / | |/ // /_/ // // // / / /   /__  __/
\____/ \__,_/  |___/ \__,_//_//_//_/ /_/      /_/

          https://javalin.io/documentation

19 03 2022 - 14:52:18.708 [main] INFO  org.eclipse.jetty.util.log - Logging initialized @425ms to org.eclipse.jetty.util.log.Slf4jLog
19 03 2022 - 14:52:18.709 [main] INFO  io.javalin.Javalin - Starting Javalin ...
19 03 2022 - 14:52:18.726 [main] INFO  io.javalin.Javalin - You are running Javalin 4.3.0 (released January 13, 2022).
19 03 2022 - 14:52:18.976 [main] INFO  io.javalin.Javalin - Listening on http://localhost:8080/
19 03 2022 - 14:52:18.976 [main] INFO  io.javalin.Javalin - Javalin started in 267ms \o/
19 03 2022 - 14:52:59.839 [JettyServerThreadPool-12] WARN  io.javalin.Javalin - Uncaught exception
java.lang.NullPointerException: null
	at com.revature.controller.AssignmentController.lambda$new$0(AssignmentController.java:39)
	at io.javalin.core.security.SecurityUtil.noopAccessManager(SecurityUtil.kt:20)
	at io.javalin.http.JavalinServlet.addHandler$lambda-5(JavalinServlet.kt:115)
	at io.javalin.http.JavalinServlet$service$tryBeforeAndEndpointHandlers$1.invoke(JavalinServlet.kt:44)
	at io.javalin.http.JavalinServlet$service$tryBeforeAndEndpointHandlers$1.invoke(JavalinServlet.kt:39)
	at io.javalin.http.JavalinServlet.service$tryWithExceptionMapper(JavalinServlet.kt:131)
	at io.javalin.http.JavalinServlet.service$tryBeforeAndEndpointHandlers(JavalinServlet.kt:39)
	at io.javalin.http.JavalinServlet.service(JavalinServlet.kt:87)
	at javax.servlet.http.HttpServlet.service(HttpServlet.java:790)
	at io.javalin.jetty.JavalinJettyServlet.service(JavalinJettyServlet.kt:58)
	at javax.servlet.http.HttpServlet.service(HttpServlet.java:790)
	at org.eclipse.jetty.servlet.ServletHolder.handle(ServletHolder.java:799)
	at org.eclipse.jetty.servlet.ServletHandler.doHandle(ServletHandler.java:550)
	at org.eclipse.jetty.server.handler.ScopedHandler.nextHandle(ScopedHandler.java:233)
	at org.eclipse.jetty.server.session.SessionHandler.doHandle(SessionHandler.java:1624)
	at org.eclipse.jetty.server.handler.ScopedHandler.nextHandle(ScopedHandler.java:233)
	at io.javalin.jetty.JettyServer$start$wsAndHttpHandler$1.doHandle(JettyServer.kt:52)
	at org.eclipse.jetty.server.handler.ScopedHandler.nextScope(ScopedHandler.java:188)
	at org.eclipse.jetty.servlet.ServletHandler.doScope(ServletHandler.java:501)
	at org.eclipse.jetty.server.session.SessionHandler.doScope(SessionHandler.java:1594)
	at org.eclipse.jetty.server.handler.ScopedHandler.nextScope(ScopedHandler.java:186)
	at org.eclipse.jetty.server.handler.ContextHandler.doScope(ContextHandler.java:1349)
	at org.eclipse.jetty.server.handler.ScopedHandler.handle(ScopedHandler.java:141)
	at org.eclipse.jetty.server.handler.StatisticsHandler.handle(StatisticsHandler.java:179)
	at org.eclipse.jetty.server.handler.HandlerWrapper.handle(HandlerWrapper.java:127)
	at org.eclipse.jetty.server.Server.handle(Server.java:516)
	at org.eclipse.jetty.server.HttpChannel.lambda$handle$1(HttpChannel.java:400)
	at org.eclipse.jetty.server.HttpChannel.dispatch(HttpChannel.java:645)
	at org.eclipse.jetty.server.HttpChannel.handle(HttpChannel.java:392)
	at org.eclipse.jetty.server.HttpConnection.onFillable(HttpConnection.java:277)
	at org.eclipse.jetty.io.AbstractConnection$ReadCallback.succeeded(AbstractConnection.java:311)
	at org.eclipse.jetty.io.FillInterest.fillable(FillInterest.java:105)
	at org.eclipse.jetty.io.ChannelEndPoint$1.run(ChannelEndPoint.java:104)
	at org.eclipse.jetty.util.thread.strategy.EatWhatYouKill.runTask(EatWhatYouKill.java:338)
	at org.eclipse.jetty.util.thread.strategy.EatWhatYouKill.doProduce(EatWhatYouKill.java:315)
	at org.eclipse.jetty.util.thread.strategy.EatWhatYouKill.tryProduce(EatWhatYouKill.java:173)
	at org.eclipse.jetty.util.thread.strategy.EatWhatYouKill.produce(EatWhatYouKill.java:137)
	at org.eclipse.jetty.util.thread.QueuedThreadPool.runJob(QueuedThreadPool.java:883)
	at org.eclipse.jetty.util.thread.QueuedThreadPool$Runner.run(QueuedThreadPool.java:1034)
	at java.lang.Thread.run(Thread.java:750)
19 03 2022 - 14:53:32.946 [main] INFO  io.javalin.Javalin - 
       __                      __ _            __ __
      / /____ _ _   __ ____ _ / /(_)____      / // /
 __  / // __ `/| | / // __ `// // // __ \    / // /_
/ /_/ // /_/ / | |/ // /_/ // // // / / /   /__  __/
\____/ \__,_/  |___/ \__,_//_//_//_/ /_/      /_/

          https://javalin.io/documentation

19 03 2022 - 14:53:32.955 [main] INFO  org.eclipse.jetty.util.log - Logging initialized @449ms to org.eclipse.jetty.util.log.Slf4jLog
19 03 2022 - 14:53:32.956 [main] INFO  io.javalin.Javalin - Starting Javalin ...
19 03 2022 - 14:53:32.973 [main] INFO  io.javalin.Javalin - You are running Javalin 4.3.0 (released January 13, 2022).
19 03 2022 - 14:53:33.216 [main] INFO  io.javalin.Javalin - Listening on http://localhost:8080/
19 03 2022 - 14:53:33.217 [main] INFO  io.javalin.Javalin - Javalin started in 261ms \o/
19 03 2022 - 14:59:19.644 [main] INFO  io.javalin.Javalin - 
       __                      __ _            __ __
      / /____ _ _   __ ____ _ / /(_)____      / // /
 __  / // __ `/| | / // __ `// // // __ \    / // /_
/ /_/ // /_/ / | |/ // /_/ // // // / / /   /__  __/
\____/ \__,_/  |___/ \__,_//_//_//_/ /_/      /_/

          https://javalin.io/documentation

19 03 2022 - 14:59:19.654 [main] INFO  org.eclipse.jetty.util.log - Logging initialized @468ms to org.eclipse.jetty.util.log.Slf4jLog
19 03 2022 - 14:59:19.656 [main] INFO  io.javalin.Javalin - Starting Javalin ...
19 03 2022 - 14:59:19.675 [main] INFO  io.javalin.Javalin - You are running Javalin 4.3.0 (released January 13, 2022).
19 03 2022 - 14:59:19.939 [main] INFO  io.javalin.Javalin - Listening on http://localhost:8080/
19 03 2022 - 14:59:19.939 [main] INFO  io.javalin.Javalin - Javalin started in 284ms \o/
19 03 2022 - 15:06:56.249 [main] INFO  io.javalin.Javalin - 
       __                      __ _            __ __
      / /____ _ _   __ ____ _ / /(_)____      / // /
 __  / // __ `/| | / // __ `// // // __ \    / // /_
/ /_/ // /_/ / | |/ // /_/ // // // / / /   /__  __/
\____/ \__,_/  |___/ \__,_//_//_//_/ /_/      /_/

          https://javalin.io/documentation

19 03 2022 - 15:06:56.259 [main] INFO  org.eclipse.jetty.util.log - Logging initialized @480ms to org.eclipse.jetty.util.log.Slf4jLog
19 03 2022 - 15:06:56.260 [main] INFO  io.javalin.Javalin - Starting Javalin ...
19 03 2022 - 15:06:56.277 [main] INFO  io.javalin.Javalin - You are running Javalin 4.3.0 (released January 13, 2022).
19 03 2022 - 15:06:56.437 [main] ERROR io.javalin.Javalin - Failed to start Javalin
19 03 2022 - 15:06:56.437 [main] INFO  io.javalin.Javalin - Stopping Javalin ...
19 03 2022 - 15:06:56.444 [main] INFO  io.javalin.Javalin - Javalin has stopped
19 03 2022 - 15:08:04.211 [main] INFO  io.javalin.Javalin - 
       __                      __ _            __ __
      / /____ _ _   __ ____ _ / /(_)____      / // /
 __  / // __ `/| | / // __ `// // // __ \    / // /_
/ /_/ // /_/ / | |/ // /_/ // // // / / /   /__  __/
\____/ \__,_/  |___/ \__,_//_//_//_/ /_/      /_/

          https://javalin.io/documentation

19 03 2022 - 15:08:04.221 [main] INFO  org.eclipse.jetty.util.log - Logging initialized @389ms to org.eclipse.jetty.util.log.Slf4jLog
19 03 2022 - 15:08:04.222 [main] INFO  io.javalin.Javalin - Starting Javalin ...
19 03 2022 - 15:08:04.239 [main] INFO  io.javalin.Javalin - You are running Javalin 4.3.0 (released January 13, 2022).
19 03 2022 - 15:08:04.429 [main] ERROR io.javalin.Javalin - Failed to start Javalin
19 03 2022 - 15:08:04.429 [main] INFO  io.javalin.Javalin - Stopping Javalin ...
19 03 2022 - 15:08:04.436 [main] INFO  io.javalin.Javalin - Javalin has stopped
19 03 2022 - 15:08:31.243 [main] INFO  io.javalin.Javalin - 
       __                      __ _            __ __
      / /____ _ _   __ ____ _ / /(_)____      / // /
 __  / // __ `/| | / // __ `// // // __ \    / // /_
/ /_/ // /_/ / | |/ // /_/ // // // / / /   /__  __/
\____/ \__,_/  |___/ \__,_//_//_//_/ /_/      /_/

          https://javalin.io/documentation

19 03 2022 - 15:08:31.252 [main] INFO  org.eclipse.jetty.util.log - Logging initialized @414ms to org.eclipse.jetty.util.log.Slf4jLog
19 03 2022 - 15:08:31.254 [main] INFO  io.javalin.Javalin - Starting Javalin ...
19 03 2022 - 15:08:31.269 [main] INFO  io.javalin.Javalin - You are running Javalin 4.3.0 (released January 13, 2022).
19 03 2022 - 15:08:31.429 [main] ERROR io.javalin.Javalin - Failed to start Javalin
19 03 2022 - 15:08:31.430 [main] INFO  io.javalin.Javalin - Stopping Javalin ...
19 03 2022 - 15:08:31.456 [main] INFO  io.javalin.Javalin - Javalin has stopped
19 03 2022 - 15:08:45.679 [main] INFO  io.javalin.Javalin - 
       __                      __ _            __ __
      / /____ _ _   __ ____ _ / /(_)____      / // /
 __  / // __ `/| | / // __ `// // // __ \    / // /_
/ /_/ // /_/ / | |/ // /_/ // // // / / /   /__  __/
\____/ \__,_/  |___/ \__,_//_//_//_/ /_/      /_/

          https://javalin.io/documentation

19 03 2022 - 15:08:45.689 [main] INFO  org.eclipse.jetty.util.log - Logging initialized @463ms to org.eclipse.jetty.util.log.Slf4jLog
19 03 2022 - 15:08:45.690 [main] INFO  io.javalin.Javalin - Starting Javalin ...
19 03 2022 - 15:08:45.708 [main] INFO  io.javalin.Javalin - You are running Javalin 4.3.0 (released January 13, 2022).
19 03 2022 - 15:08:45.919 [main] ERROR io.javalin.Javalin - Failed to start Javalin
19 03 2022 - 15:08:45.920 [main] INFO  io.javalin.Javalin - Stopping Javalin ...
19 03 2022 - 15:08:45.928 [main] INFO  io.javalin.Javalin - Javalin has stopped
19 03 2022 - 15:09:00.598 [main] INFO  io.javalin.Javalin - 
       __                      __ _            __ __
      / /____ _ _   __ ____ _ / /(_)____      / // /
 __  / // __ `/| | / // __ `// // // __ \    / // /_
/ /_/ // /_/ / | |/ // /_/ // // // / / /   /__  __/
\____/ \__,_/  |___/ \__,_//_//_//_/ /_/      /_/

          https://javalin.io/documentation

19 03 2022 - 15:09:00.608 [main] INFO  org.eclipse.jetty.util.log - Logging initialized @380ms to org.eclipse.jetty.util.log.Slf4jLog
19 03 2022 - 15:09:00.609 [main] INFO  io.javalin.Javalin - Starting Javalin ...
19 03 2022 - 15:09:00.625 [main] INFO  io.javalin.Javalin - You are running Javalin 4.3.0 (released January 13, 2022).
19 03 2022 - 15:09:00.772 [main] ERROR io.javalin.Javalin - Failed to start Javalin
19 03 2022 - 15:09:00.773 [main] INFO  io.javalin.Javalin - Stopping Javalin ...
19 03 2022 - 15:09:00.780 [main] INFO  io.javalin.Javalin - Javalin has stopped
19 03 2022 - 15:09:14.217 [main] INFO  io.javalin.Javalin - 
       __                      __ _            __ __
      / /____ _ _   __ ____ _ / /(_)____      / // /
 __  / // __ `/| | / // __ `// // // __ \    / // /_
/ /_/ // /_/ / | |/ // /_/ // // // / / /   /__  __/
\____/ \__,_/  |___/ \__,_//_//_//_/ /_/      /_/

          https://javalin.io/documentation

19 03 2022 - 15:09:14.227 [main] INFO  org.eclipse.jetty.util.log - Logging initialized @439ms to org.eclipse.jetty.util.log.Slf4jLog
19 03 2022 - 15:09:14.228 [main] INFO  io.javalin.Javalin - Starting Javalin ...
19 03 2022 - 15:09:14.244 [main] INFO  io.javalin.Javalin - You are running Javalin 4.3.0 (released January 13, 2022).
19 03 2022 - 15:09:14.410 [main] ERROR io.javalin.Javalin - Failed to start Javalin
19 03 2022 - 15:09:14.410 [main] INFO  io.javalin.Javalin - Stopping Javalin ...
19 03 2022 - 15:09:14.417 [main] INFO  io.javalin.Javalin - Javalin has stopped
19 03 2022 - 15:09:54.685 [main] INFO  io.javalin.Javalin - 
       __                      __ _            __ __
      / /____ _ _   __ ____ _ / /(_)____      / // /
 __  / // __ `/| | / // __ `// // // __ \    / // /_
/ /_/ // /_/ / | |/ // /_/ // // // / / /   /__  __/
\____/ \__,_/  |___/ \__,_//_//_//_/ /_/      /_/

          https://javalin.io/documentation

19 03 2022 - 15:09:54.695 [main] INFO  org.eclipse.jetty.util.log - Logging initialized @624ms to org.eclipse.jetty.util.log.Slf4jLog
19 03 2022 - 15:09:54.696 [main] INFO  io.javalin.Javalin - Starting Javalin ...
19 03 2022 - 15:09:54.712 [main] INFO  io.javalin.Javalin - You are running Javalin 4.3.0 (released January 13, 2022).
19 03 2022 - 15:09:54.885 [main] ERROR io.javalin.Javalin - Failed to start Javalin
19 03 2022 - 15:09:54.885 [main] INFO  io.javalin.Javalin - Stopping Javalin ...
19 03 2022 - 15:09:54.892 [main] INFO  io.javalin.Javalin - Javalin has stopped
19 03 2022 - 15:10:18.152 [main] INFO  io.javalin.Javalin - 
       __                      __ _            __ __
      / /____ _ _   __ ____ _ / /(_)____      / // /
 __  / // __ `/| | / // __ `// // // __ \    / // /_
/ /_/ // /_/ / | |/ // /_/ // // // / / /   /__  __/
\____/ \__,_/  |___/ \__,_//_//_//_/ /_/      /_/

          https://javalin.io/documentation

19 03 2022 - 15:10:18.161 [main] INFO  org.eclipse.jetty.util.log - Logging initialized @490ms to org.eclipse.jetty.util.log.Slf4jLog
19 03 2022 - 15:10:18.162 [main] INFO  io.javalin.Javalin - Starting Javalin ...
19 03 2022 - 15:10:18.178 [main] INFO  io.javalin.Javalin - You are running Javalin 4.3.0 (released January 13, 2022).
19 03 2022 - 15:10:18.426 [main] INFO  io.javalin.Javalin - Listening on http://localhost:8080/
19 03 2022 - 15:10:18.426 [main] INFO  io.javalin.Javalin - Javalin started in 264ms \o/
